<?xml version="1.0" encoding="UTF-8"?>
<!-- Generated by org.testng.reporters.JUnitXMLReporter -->
<testsuite hostname="Samsul_Alam" ignored="0" name="banking Apptest" tests="2" failures="0" timestamp="27 Sep 2021 04:41:18 GMT" time="78.738" errors="0">
  <testcase name="@BeforeClass setup" time="68.614" classname="com.inetbanking.testCases.baseClass">
    <failure type="org.openqa.selenium.TimeoutException" message="No connection could be made because the target machine actively refused it. (os error 10061)
Build info: version: &amp;apos;3.14.0&amp;apos;, revision: &amp;apos;aacccce0&amp;apos;, time: &amp;apos;2018-08-02T20:19:58.91Z&amp;apos;
System info: host: &amp;apos;SAMSUL_ALAM&amp;apos;, ip: &amp;apos;192.168.112.1&amp;apos;, os.name: &amp;apos;Windows 8.1&amp;apos;, os.arch: &amp;apos;amd64&amp;apos;, os.version: &amp;apos;6.3&amp;apos;, java.version: &amp;apos;1.8.0_291&amp;apos;
Driver info: driver.version: FirefoxDriver
remote stacktrace: ">
      <![CDATA[org.openqa.selenium.TimeoutException: No connection could be made because the target machine actively refused it. (os error 10061)
Build info: version: '3.14.0', revision: 'aacccce0', time: '2018-08-02T20:19:58.91Z'
System info: host: 'SAMSUL_ALAM', ip: '192.168.112.1', os.name: 'Windows 8.1', os.arch: 'amd64', os.version: '6.3', java.version: '1.8.0_291'
Driver info: driver.version: FirefoxDriver
remote stacktrace: 
at org.openqa.selenium.remote.W3CHandshakeResponse.lambda$new$0(W3CHandshakeResponse.java:57)
at org.openqa.selenium.remote.W3CHandshakeResponse.lambda$getResponseFunction$2(W3CHandshakeResponse.java:104)
at org.openqa.selenium.remote.ProtocolHandshake.lambda$createSession$0(ProtocolHandshake.java:122)
at java.util.stream.ReferencePipeline$3$1.accept(ReferencePipeline.java:193)
at java.util.Spliterators$ArraySpliterator.tryAdvance(Spliterators.java:958)
at java.util.stream.ReferencePipeline.forEachWithCancel(ReferencePipeline.java:126)
at java.util.stream.AbstractPipeline.copyIntoWithCancel(AbstractPipeline.java:499)
at java.util.stream.AbstractPipeline.copyInto(AbstractPipeline.java:486)
at java.util.stream.AbstractPipeline.wrapAndCopyInto(AbstractPipeline.java:472)
at java.util.stream.FindOps$FindOp.evaluateSequential(FindOps.java:152)
at java.util.stream.AbstractPipeline.evaluate(AbstractPipeline.java:234)
at java.util.stream.ReferencePipeline.findFirst(ReferencePipeline.java:464)
at org.openqa.selenium.remote.ProtocolHandshake.createSession(ProtocolHandshake.java:125)
at org.openqa.selenium.remote.ProtocolHandshake.createSession(ProtocolHandshake.java:73)
at org.openqa.selenium.remote.HttpCommandExecutor.execute(HttpCommandExecutor.java:136)
at org.openqa.selenium.remote.service.DriverCommandExecutor.execute(DriverCommandExecutor.java:83)
at org.openqa.selenium.remote.RemoteWebDriver.execute(RemoteWebDriver.java:548)
at org.openqa.selenium.remote.RemoteWebDriver.startSession(RemoteWebDriver.java:212)
at org.openqa.selenium.remote.RemoteWebDriver.<init>(RemoteWebDriver.java:130)
at org.openqa.selenium.firefox.FirefoxDriver.<init>(FirefoxDriver.java:125)
at org.openqa.selenium.firefox.FirefoxDriver.<init>(FirefoxDriver.java:103)
at com.inetbanking.testCases.baseClass.setup(baseClass.java:48)
... Removed 30 stack frames]]>
    </failure>
  </testcase> <!-- @BeforeClass setup -->
  <testcase name="@AfterClass teardown" time="0.0" classname="com.inetbanking.testCases.baseClass">
    <skipped/>
  </testcase> <!-- @AfterClass teardown -->
  <testcase name="loginDDT" time="0.0" classname="com.inetbanking.testCases.TC_loginDDT_002">
    <skipped/>
  </testcase> <!-- loginDDT -->
  <testcase name="loginDDT" time="0.0" classname="com.inetbanking.testCases.TC_loginDDT_002">
    <skipped/>
  </testcase> <!-- loginDDT -->
</testsuite> <!-- banking Apptest -->
