<?xml version="1.0" encoding="UTF-8"?>
<testng-results skipped="0" failed="0" ignored="0" total="5" passed="5">
  <reporter-output>
  </reporter-output>
  <suite name="inetbankingv2" duration-ms="92701" started-at="2021-09-06T16:08:41Z" finished-at="2021-09-06T16:10:13Z">
    <groups>
    </groups>
    <test name="banking Apptest" duration-ms="92701" started-at="2021-09-06T16:08:41Z" finished-at="2021-09-06T16:10:13Z">
      <class name="com.inetbanking.testCases.TC_LoginTest_001">
        <test-method status="PASS" signature="setup(java.lang.String)[pri:0, instance:com.inetbanking.testCases.TC_LoginTest_001@17f6480]" name="setup" is-config="true" duration-ms="22106" started-at="2021-09-06T16:08:42Z" finished-at="2021-09-06T16:09:04Z">
          <params>
            <param index="0">
              <value>
                <![CDATA[firefox]]>
              </value>
            </param>
          </params>
          <reporter-output>
          </reporter-output>
        </test-method> <!-- setup -->
        <test-method status="PASS" signature="logintest()[pri:0, instance:com.inetbanking.testCases.TC_LoginTest_001@17f6480]" name="logintest" duration-ms="2217" started-at="2021-09-06T16:09:04Z" finished-at="2021-09-06T16:09:06Z">
          <reporter-output>
          </reporter-output>
        </test-method> <!-- logintest -->
        <test-method status="PASS" signature="teardown()[pri:0, instance:com.inetbanking.testCases.TC_LoginTest_001@17f6480]" name="teardown" is-config="true" duration-ms="2932" started-at="2021-09-06T16:09:06Z" finished-at="2021-09-06T16:09:09Z">
          <reporter-output>
          </reporter-output>
        </test-method> <!-- teardown -->
      </class> <!-- com.inetbanking.testCases.TC_LoginTest_001 -->
      <class name="com.inetbanking.testCases.TC_loginDDT_002">
        <test-method status="PASS" signature="setup(java.lang.String)[pri:0, instance:com.inetbanking.testCases.TC_loginDDT_002@2d6e8792]" name="setup" is-config="true" duration-ms="16167" started-at="2021-09-06T16:09:09Z" finished-at="2021-09-06T16:09:25Z">
          <params>
            <param index="0">
              <value>
                <![CDATA[firefox]]>
              </value>
            </param>
          </params>
          <reporter-output>
          </reporter-output>
        </test-method> <!-- setup -->
        <test-method status="PASS" signature="loginDDT(java.lang.String, java.lang.String)[pri:0, instance:com.inetbanking.testCases.TC_loginDDT_002@2d6e8792]" name="loginDDT" duration-ms="5919" started-at="2021-09-06T16:09:28Z" data-provider="LoginData" finished-at="2021-09-06T16:09:34Z">
          <params>
            <param index="0">
              <value>
                <![CDATA[mngr350471]]>
              </value>
            </param>
            <param index="1">
              <value>
                <![CDATA[rUpYzEs]]>
              </value>
            </param>
          </params>
          <reporter-output>
          </reporter-output>
        </test-method> <!-- loginDDT -->
        <test-method status="PASS" signature="loginDDT(java.lang.String, java.lang.String)[pri:0, instance:com.inetbanking.testCases.TC_loginDDT_002@2d6e8792]" name="loginDDT" duration-ms="4779" started-at="2021-09-06T16:09:34Z" data-provider="LoginData" finished-at="2021-09-06T16:09:39Z">
          <params>
            <param index="0">
              <value>
                <![CDATA[mngr350471]]>
              </value>
            </param>
            <param index="1">
              <value>
                <![CDATA[rUpYzEs]]>
              </value>
            </param>
          </params>
          <reporter-output>
          </reporter-output>
        </test-method> <!-- loginDDT -->
        <test-method status="PASS" signature="loginDDT(java.lang.String, java.lang.String)[pri:0, instance:com.inetbanking.testCases.TC_loginDDT_002@2d6e8792]" name="loginDDT" duration-ms="25228" started-at="2021-09-06T16:09:39Z" data-provider="LoginData" finished-at="2021-09-06T16:10:04Z">
          <params>
            <param index="0">
              <value>
                <![CDATA[mngr350471]]>
              </value>
            </param>
            <param index="1">
              <value>
                <![CDATA[rUpYzEs]]>
              </value>
            </param>
          </params>
          <reporter-output>
          </reporter-output>
        </test-method> <!-- loginDDT -->
        <test-method status="PASS" signature="loginDDT(java.lang.String, java.lang.String)[pri:0, instance:com.inetbanking.testCases.TC_loginDDT_002@2d6e8792]" name="loginDDT" duration-ms="4089" started-at="2021-09-06T16:10:04Z" data-provider="LoginData" finished-at="2021-09-06T16:10:08Z">
          <params>
            <param index="0">
              <value>
                <![CDATA[mngr350471]]>
              </value>
            </param>
            <param index="1">
              <value>
                <![CDATA[rUpYzEs]]>
              </value>
            </param>
          </params>
          <reporter-output>
          </reporter-output>
        </test-method> <!-- loginDDT -->
        <test-method status="PASS" signature="teardown()[pri:0, instance:com.inetbanking.testCases.TC_loginDDT_002@2d6e8792]" name="teardown" is-config="true" duration-ms="4959" started-at="2021-09-06T16:10:08Z" finished-at="2021-09-06T16:10:13Z">
          <reporter-output>
          </reporter-output>
        </test-method> <!-- teardown -->
      </class> <!-- com.inetbanking.testCases.TC_loginDDT_002 -->
    </test> <!-- banking Apptest -->
  </suite> <!-- inetbankingv2 -->
</testng-results>
