<?xml version="1.0" encoding="UTF-8"?>
<testng-results skipped="0" failed="0" ignored="0" total="10" passed="10">
  <reporter-output>
  </reporter-output>
  <suite name="inetbankingv2" duration-ms="220952" started-at="2021-06-12T08:10:16Z" finished-at="2021-06-12T08:13:57Z">
    <groups>
    </groups>
    <test name="banking Apptest" duration-ms="220952" started-at="2021-06-12T08:10:16Z" finished-at="2021-06-12T08:13:57Z">
      <class name="com.inetbanking.testCases.TC_LoginTest_001">
        <test-method status="PASS" signature="setup(java.lang.String)[pri:0, instance:com.inetbanking.testCases.TC_LoginTest_001@506e6d5e]" name="setup" is-config="true" duration-ms="25122" started-at="2021-06-12T08:10:16Z" finished-at="2021-06-12T08:10:42Z">
          <params>
            <param index="0">
              <value>
                <![CDATA[chrome]]>
              </value>
            </param>
          </params>
          <reporter-output>
          </reporter-output>
        </test-method> <!-- setup -->
        <test-method status="PASS" signature="logintest()[pri:0, instance:com.inetbanking.testCases.TC_LoginTest_001@506e6d5e]" name="logintest" duration-ms="9567" started-at="2021-06-12T08:10:42Z" finished-at="2021-06-12T08:10:51Z">
          <reporter-output>
          </reporter-output>
        </test-method> <!-- logintest -->
        <test-method status="PASS" signature="teardown()[pri:0, instance:com.inetbanking.testCases.TC_LoginTest_001@506e6d5e]" name="teardown" is-config="true" duration-ms="636" started-at="2021-06-12T08:10:51Z" finished-at="2021-06-12T08:10:52Z">
          <reporter-output>
          </reporter-output>
        </test-method> <!-- teardown -->
      </class> <!-- com.inetbanking.testCases.TC_LoginTest_001 -->
      <class name="com.inetbanking.testCases.TC_loginDDT_003">
        <test-method status="PASS" signature="setup(java.lang.String)[pri:0, instance:com.inetbanking.testCases.TC_loginDDT_003@3796751b]" name="setup" is-config="true" duration-ms="15063" started-at="2021-06-12T08:12:06Z" finished-at="2021-06-12T08:12:21Z">
          <params>
            <param index="0">
              <value>
                <![CDATA[chrome]]>
              </value>
            </param>
          </params>
          <reporter-output>
          </reporter-output>
        </test-method> <!-- setup -->
        <test-method status="PASS" signature="loginDDT3(java.lang.String, java.lang.String)[pri:0, instance:com.inetbanking.testCases.TC_loginDDT_003@3796751b]" name="loginDDT3" duration-ms="15673" started-at="2021-06-12T08:12:22Z" data-provider="TestData" finished-at="2021-06-12T08:12:37Z">
          <params>
            <param index="0">
              <value>
                <![CDATA[mngr329169]]>
              </value>
            </param>
            <param index="1">
              <value>
                <![CDATA[devYsYg]]>
              </value>
            </param>
          </params>
          <reporter-output>
          </reporter-output>
        </test-method> <!-- loginDDT3 -->
        <test-method status="PASS" signature="loginDDT3(java.lang.String, java.lang.String)[pri:0, instance:com.inetbanking.testCases.TC_loginDDT_003@3796751b]" name="loginDDT3" duration-ms="13379" started-at="2021-06-12T08:12:37Z" data-provider="TestData" finished-at="2021-06-12T08:12:51Z">
          <params>
            <param index="0">
              <value>
                <![CDATA[mngr329169]]>
              </value>
            </param>
            <param index="1">
              <value>
                <![CDATA[devYsYg]]>
              </value>
            </param>
          </params>
          <reporter-output>
          </reporter-output>
        </test-method> <!-- loginDDT3 -->
        <test-method status="PASS" signature="loginDDT3(java.lang.String, java.lang.String)[pri:0, instance:com.inetbanking.testCases.TC_loginDDT_003@3796751b]" name="loginDDT3" duration-ms="12285" started-at="2021-06-12T08:12:51Z" data-provider="TestData" finished-at="2021-06-12T08:13:03Z">
          <params>
            <param index="0">
              <value>
                <![CDATA[mngr329169]]>
              </value>
            </param>
            <param index="1">
              <value>
                <![CDATA[devYsYg]]>
              </value>
            </param>
          </params>
          <reporter-output>
          </reporter-output>
        </test-method> <!-- loginDDT3 -->
        <test-method status="PASS" signature="loginDDT3(java.lang.String, java.lang.String)[pri:0, instance:com.inetbanking.testCases.TC_loginDDT_003@3796751b]" name="loginDDT3" duration-ms="8551" started-at="2021-06-12T08:13:03Z" data-provider="TestData" finished-at="2021-06-12T08:13:11Z">
          <params>
            <param index="0">
              <value>
                <![CDATA[mngr329169]]>
              </value>
            </param>
            <param index="1">
              <value>
                <![CDATA[devYsYg]]>
              </value>
            </param>
          </params>
          <reporter-output>
          </reporter-output>
        </test-method> <!-- loginDDT3 -->
        <test-method status="PASS" signature="teardown()[pri:0, instance:com.inetbanking.testCases.TC_loginDDT_003@3796751b]" name="teardown" is-config="true" duration-ms="624" started-at="2021-06-12T08:13:11Z" finished-at="2021-06-12T08:13:12Z">
          <reporter-output>
          </reporter-output>
        </test-method> <!-- teardown -->
      </class> <!-- com.inetbanking.testCases.TC_loginDDT_003 -->
      <class name="com.inetbanking.testCases.TC_loginDDT_002">
        <test-method status="PASS" signature="setup(java.lang.String)[pri:0, instance:com.inetbanking.testCases.TC_loginDDT_002@96532d6]" name="setup" is-config="true" duration-ms="12582" started-at="2021-06-12T08:10:52Z" finished-at="2021-06-12T08:11:04Z">
          <params>
            <param index="0">
              <value>
                <![CDATA[chrome]]>
              </value>
            </param>
          </params>
          <reporter-output>
          </reporter-output>
        </test-method> <!-- setup -->
        <test-method status="PASS" signature="loginDDT(java.lang.String, java.lang.String)[pri:0, instance:com.inetbanking.testCases.TC_loginDDT_002@96532d6]" name="loginDDT" duration-ms="15465" started-at="2021-06-12T08:11:06Z" data-provider="LoginData" finished-at="2021-06-12T08:11:21Z">
          <params>
            <param index="0">
              <value>
                <![CDATA[mngr329169]]>
              </value>
            </param>
            <param index="1">
              <value>
                <![CDATA[devYsYg]]>
              </value>
            </param>
          </params>
          <reporter-output>
          </reporter-output>
        </test-method> <!-- loginDDT -->
        <test-method status="PASS" signature="loginDDT(java.lang.String, java.lang.String)[pri:0, instance:com.inetbanking.testCases.TC_loginDDT_002@96532d6]" name="loginDDT" duration-ms="12639" started-at="2021-06-12T08:11:21Z" data-provider="LoginData" finished-at="2021-06-12T08:11:34Z">
          <params>
            <param index="0">
              <value>
                <![CDATA[mngr329169]]>
              </value>
            </param>
            <param index="1">
              <value>
                <![CDATA[devYsYg]]>
              </value>
            </param>
          </params>
          <reporter-output>
          </reporter-output>
        </test-method> <!-- loginDDT -->
        <test-method status="PASS" signature="loginDDT(java.lang.String, java.lang.String)[pri:0, instance:com.inetbanking.testCases.TC_loginDDT_002@96532d6]" name="loginDDT" duration-ms="17519" started-at="2021-06-12T08:11:34Z" data-provider="LoginData" finished-at="2021-06-12T08:11:51Z">
          <params>
            <param index="0">
              <value>
                <![CDATA[mngr329169]]>
              </value>
            </param>
            <param index="1">
              <value>
                <![CDATA[devYsYg]]>
              </value>
            </param>
          </params>
          <reporter-output>
          </reporter-output>
        </test-method> <!-- loginDDT -->
        <test-method status="PASS" signature="loginDDT(java.lang.String, java.lang.String)[pri:0, instance:com.inetbanking.testCases.TC_loginDDT_002@96532d6]" name="loginDDT" duration-ms="13767" started-at="2021-06-12T08:11:51Z" data-provider="LoginData" finished-at="2021-06-12T08:12:05Z">
          <params>
            <param index="0">
              <value>
                <![CDATA[mngr329169]]>
              </value>
            </param>
            <param index="1">
              <value>
                <![CDATA[devYsYg]]>
              </value>
            </param>
          </params>
          <reporter-output>
          </reporter-output>
        </test-method> <!-- loginDDT -->
        <test-method status="PASS" signature="teardown()[pri:0, instance:com.inetbanking.testCases.TC_loginDDT_002@96532d6]" name="teardown" is-config="true" duration-ms="1219" started-at="2021-06-12T08:12:05Z" finished-at="2021-06-12T08:12:06Z">
          <reporter-output>
          </reporter-output>
        </test-method> <!-- teardown -->
      </class> <!-- com.inetbanking.testCases.TC_loginDDT_002 -->
      <class name="com.inetbanking.testCases.TC_addNewCustomer_004">
        <test-method status="PASS" signature="setup(java.lang.String)[pri:0, instance:com.inetbanking.testCases.TC_addNewCustomer_004@67b64c45]" name="setup" is-config="true" duration-ms="12362" started-at="2021-06-12T08:13:12Z" finished-at="2021-06-12T08:13:24Z">
          <params>
            <param index="0">
              <value>
                <![CDATA[chrome]]>
              </value>
            </param>
          </params>
          <reporter-output>
          </reporter-output>
        </test-method> <!-- setup -->
        <test-method status="PASS" signature="addNewCustTest()[pri:0, instance:com.inetbanking.testCases.TC_addNewCustomer_004@67b64c45]" name="addNewCustTest" duration-ms="31932" started-at="2021-06-12T08:13:24Z" finished-at="2021-06-12T08:13:56Z">
          <reporter-output>
          </reporter-output>
        </test-method> <!-- addNewCustTest -->
        <test-method status="PASS" signature="teardown()[pri:0, instance:com.inetbanking.testCases.TC_addNewCustomer_004@67b64c45]" name="teardown" is-config="true" duration-ms="630" started-at="2021-06-12T08:13:56Z" finished-at="2021-06-12T08:13:57Z">
          <reporter-output>
          </reporter-output>
        </test-method> <!-- teardown -->
      </class> <!-- com.inetbanking.testCases.TC_addNewCustomer_004 -->
    </test> <!-- banking Apptest -->
  </suite> <!-- inetbankingv2 -->
</testng-results>
