<?xml version="1.0" encoding="UTF-8"?>
<!-- Generated by org.testng.reporters.JUnitXMLReporter -->
<testsuite hostname="Samsul_Alam" ignored="0" name="banking Apptest" tests="5" failures="0" timestamp="06 Sep 2021 16:10:13 GMT" time="92.701" errors="0">
  <testcase name="logintest" time="2.217" classname="com.inetbanking.testCases.TC_LoginTest_001"/>
  <testcase name="loginDDT" time="5.919" classname="com.inetbanking.testCases.TC_loginDDT_002"/>
  <testcase name="loginDDT" time="4.779" classname="com.inetbanking.testCases.TC_loginDDT_002"/>
  <testcase name="loginDDT" time="25.228" classname="com.inetbanking.testCases.TC_loginDDT_002"/>
  <testcase name="loginDDT" time="4.089" classname="com.inetbanking.testCases.TC_loginDDT_002"/>
</testsuite> <!-- banking Apptest -->
