<?xml version="1.0" encoding="UTF-8"?>
<!-- Generated by org.testng.reporters.JUnitXMLReporter -->
<testsuite hostname="Samsul_Alam" ignored="0" name="banking Apptest" tests="10" failures="0" timestamp="12 Jun 2021 08:13:57 GMT" time="220.952" errors="0">
  <testcase name="logintest" time="9.567" classname="com.inetbanking.testCases.TC_LoginTest_001"/>
  <testcase name="loginDDT" time="15.465" classname="com.inetbanking.testCases.TC_loginDDT_002"/>
  <testcase name="loginDDT" time="12.639" classname="com.inetbanking.testCases.TC_loginDDT_002"/>
  <testcase name="loginDDT" time="17.519" classname="com.inetbanking.testCases.TC_loginDDT_002"/>
  <testcase name="loginDDT" time="13.767" classname="com.inetbanking.testCases.TC_loginDDT_002"/>
  <testcase name="loginDDT3" time="15.673" classname="com.inetbanking.testCases.TC_loginDDT_003"/>
  <testcase name="loginDDT3" time="13.379" classname="com.inetbanking.testCases.TC_loginDDT_003"/>
  <testcase name="loginDDT3" time="12.285" classname="com.inetbanking.testCases.TC_loginDDT_003"/>
  <testcase name="loginDDT3" time="8.551" classname="com.inetbanking.testCases.TC_loginDDT_003"/>
  <testcase name="addNewCustTest" time="31.932" classname="com.inetbanking.testCases.TC_addNewCustomer_004"/>
</testsuite> <!-- banking Apptest -->
